import { registerInstance as __stencil_registerInstance, getElement as __stencil_getElement } from "@stencil/core";
import { h } from "@stencil/core";
import copy from 'copy-text-to-clipboard';
export const LandingPage = class {
    constructor(hostRef) {
        __stencil_registerInstance(this, hostRef);
        this.isCopied = false;
        this.copyCommand = () => {
            copy('npm init stencil');
            this.isCopied = true;
            setTimeout(() => this.isCopied = false, 1500);
        };
        document.title = `Stencil`;
    }
    render() {
        return (h("div", null, h("div", { class: "hero container" }, h("hgroup", null, h("h1", null, "Build. Distribute. Adopt. "), h("p", null, "Stencil is a toolchain for building reusable, scalable Design Systems. Generate small, blazing fast, and 100% standards based Web Components that run in every browser."), h("stencil-route-link", { anchorClass: "btn btn--primary", url: "/docs/getting-started" }, "Get started"), h("stencil-route-link", { anchorClass: "btn btn--secondary", url: "/docs/introduction" }, "Why Stencil?")))));
    }
    get el() { return __stencil_getElement(this); }
    static get style() { return "STYLE_TEXT_PLACEHOLDER:landing-page"; }
};
