import { registerInstance as __stencil_registerInstance } from "@stencil/core";
import { h } from "@stencil/core";
export const CustomClock = class {
    constructor(hostRef) {
        __stencil_registerInstance(this, hostRef);
        this.time = Date.now();
    }
    componentDidLoad() {
        this.timer = setInterval(() => {
            this.time = Date.now();
        }, 1000);
    }
    componentDidUnload() {
        clearInterval(this.timer);
    }
    render() {
        const time = new Date(this.time).toLocaleTimeString();
        return (h("span", null, time));
    }
};
