stencil-site {
  min-height: 100%;
  display: block;
}

.left-sidebar-in {
  -webkit-animation-name: slideIn;
  animation-name: slideIn;
  -webkit-animation-duration: 0.7s;
  animation-duration: 0.7s;
  -webkit-animation-timing-function: var(--ease-out-expo);
  animation-timing-function: var(--ease-out-expo);
  -webkit-animation-fill-mode: forwards;
  animation-fill-mode: forwards;
}

@-webkit-keyframes slideIn {
  from {
    left: 0;
  }
  to {
    left: calc(100vw - 56px);
  }
}

@keyframes slideIn {
  from {
    left: 0;
  }
  to {
    left: calc(100vw - 56px);
  }
}

.left-sidebar-out {
  -webkit-animation-name: slideOut;
  animation-name: slideOut;
  -webkit-animation-duration: 0.7s;
  animation-duration: 0.7s;
  -webkit-animation-timing-function: var(--ease-out-expo);
  animation-timing-function: var(--ease-out-expo);
  -webkit-animation-fill-mode: forwards;
  animation-fill-mode: forwards;
}

@-webkit-keyframes slideOut {
  from {
    left: calc(100vw - 56px);
  }
  to {
    left: 0;
  }
}

@keyframes slideOut {
  from {
    left: calc(100vw - 56px);
  }
  to {
    left: 0;
  }
}

.container {
  width: 100%;
  max-width: 1200px;
  margin-left: auto;
  margin-right: auto;
  padding: 0 64px;
  -ms-flex: 1 0 auto;
  flex: 1 0 auto;
}

main {
  display: -ms-flexbox;
  display: flex;
  -ms-flex-direction: column;
  flex-direction: column;
  min-height: calc(100vh - 64px);
  padding-top: 80px;
}

stencil-router {
  -ms-flex: 1;
  flex: 1;
}

@media screen and (max-width: 768px) {
  .container {
    padding: 0 16px;
  }

  main {
    padding-top: 92px;
    min-height: 100vh;
  }
}

footer {
  width: 100%;
  background: var(--color-white-lilac);
  -ms-flex: 0 0 auto;
  flex: 0 0 auto;
  padding: 40px 0;
  display: -ms-flexbox;
  display: flex;
}

footer .container {
  display: -ms-flexbox;
  display: flex;
}
footer .footer-col {
  -ms-flex: 1;
  flex: 1;
}

footer .footer-col {
  text-align: center;
}

footer p {
  font-size: 12px;
  line-height: 170%;
  letter-spacing: -0.02em;
  color: #767882;
  margin: 8px 0 16px;
}

footer app-icon .icon-logo {
  width: 76px;
  height: 16px;
  opacity: 0.6;
  margin-top: 2px;
}

footer .external-links {
  display: -ms-inline-flexbox;
  display: inline-flex;
}

footer .external-links li a {
  -webkit-transition: opacity 0.2s;
  transition: opacity 0.2s;
  text-decoration: none;
  opacity: 0.25;
}

footer .external-links li a:hover {
  border: none;
  opacity: 0.5;
}

footer .external-links li + li {
  margin-left:  12px;
}